<?xml version="1.0" encoding="UTF-8"?>
<!-- Generated by org.testng.reporters.JUnitXMLReporter -->
<testsuite hostname="dstekanov-nb" name="Default test" tests="4" failures="0" timestamp="9 Dec 2014 12:51:55 GMT" time="48.73" errors="0">
  <testcase name="testGroupWithEmprtyDataCanBeCreated" time="29.17" classname="com.example.tests.GroupCreationTests"/>
  <testcase name="testValidGroupCanBeCreated" time="7.024" classname="com.example.tests.GroupCreationTests"/>
  <testcase name="testValidGroupCanBeCreated" time="5.948" classname="com.example.tests.GroupCreationTests"/>
  <testcase name="testValidGroupCanBeCreated" time="6.135" classname="com.example.tests.GroupCreationTests"/>
</testsuite> <!-- Default test -->
