<?xml version="1.0" encoding="UTF-8"?>
<testng-results skipped="0" failed="0" total="4" passed="4">
  <reporter-output>
    <line>
      <![CDATA[filling group form]]>
    </line>
    <line>
      <![CDATA[filling group form]]>
    </line>
    <line>
      <![CDATA[filling group form]]>
    </line>
    <line>
      <![CDATA[filling group form]]>
    </line>
  </reporter-output>
  <suite name="Default suite" duration-ms="48730" started-at="2014-12-09T12:51:06Z" finished-at="2014-12-09T12:51:55Z">
    <groups>
    </groups>
    <test name="Default test" duration-ms="48730" started-at="2014-12-09T12:51:06Z" finished-at="2014-12-09T12:51:55Z">
      <class name="com.example.tests.GroupCreationTests">
        <test-method status="PASS" signature="setUp()[pri:0, instance:com.example.tests.GroupCreationTests@46432685]" name="setUp" is-config="true" duration-ms="47" started-at="2014-12-09T14:51:06Z" finished-at="2014-12-09T14:51:06Z">
          <reporter-output>
          </reporter-output>
        </test-method> <!-- setUp -->
        <test-method status="PASS" signature="testGroupWithEmprtyDataCanBeCreated()[pri:0, instance:com.example.tests.GroupCreationTests@46432685]" name="testGroupWithEmprtyDataCanBeCreated" duration-ms="29170" started-at="2014-12-09T14:51:06Z" finished-at="2014-12-09T14:51:35Z">
          <reporter-output>
            <line>
              <![CDATA[filling group form]]>
            </line>
          </reporter-output>
        </test-method> <!-- testGroupWithEmprtyDataCanBeCreated -->
        <test-method status="PASS" signature="testValidGroupCanBeCreated(com.example.tests.GroupObjects)[pri:0, instance:com.example.tests.GroupCreationTests@46432685]" name="testValidGroupCanBeCreated" duration-ms="7024" started-at="2014-12-09T14:51:35Z" data-provider="randomGroups" finished-at="2014-12-09T14:51:42Z">
          <params>
            <param index="0">
              <value>
                <![CDATA[Group [null: name-527039889]]]>
              </value>
            </param>
          </params>
          <reporter-output>
            <line>
              <![CDATA[filling group form]]>
            </line>
          </reporter-output>
        </test-method> <!-- testValidGroupCanBeCreated -->
        <test-method status="PASS" signature="testValidGroupCanBeCreated(com.example.tests.GroupObjects)[pri:0, instance:com.example.tests.GroupCreationTests@46432685]" name="testValidGroupCanBeCreated" duration-ms="5948" started-at="2014-12-09T14:51:42Z" data-provider="randomGroups" finished-at="2014-12-09T14:51:48Z">
          <params>
            <param index="0">
              <value>
                <![CDATA[Group [null: name695127454]]]>
              </value>
            </param>
          </params>
          <reporter-output>
            <line>
              <![CDATA[filling group form]]>
            </line>
          </reporter-output>
        </test-method> <!-- testValidGroupCanBeCreated -->
        <test-method status="PASS" signature="testValidGroupCanBeCreated(com.example.tests.GroupObjects)[pri:0, instance:com.example.tests.GroupCreationTests@46432685]" name="testValidGroupCanBeCreated" duration-ms="6135" started-at="2014-12-09T14:51:48Z" data-provider="randomGroups" finished-at="2014-12-09T14:51:54Z">
          <params>
            <param index="0">
              <value>
                <![CDATA[Group [null: name881091523]]]>
              </value>
            </param>
          </params>
          <reporter-output>
            <line>
              <![CDATA[filling group form]]>
            </line>
          </reporter-output>
        </test-method> <!-- testValidGroupCanBeCreated -->
        <test-method status="PASS" signature="tearDown()[pri:0, instance:com.example.tests.GroupCreationTests@46432685]" name="tearDown" is-config="true" duration-ms="390" started-at="2014-12-09T14:51:54Z" finished-at="2014-12-09T14:51:55Z">
          <reporter-output>
          </reporter-output>
        </test-method> <!-- tearDown -->
      </class> <!-- com.example.tests.GroupCreationTests -->
    </test> <!-- Default test -->
  </suite> <!-- Default suite -->
</testng-results>
